<?xml version="1.0" encoding="UTF-8"?>
<!-- Generated by org.testng.reporters.JUnitReportReporter -->
<testsuite hostname="5101d41cf493" failures="0" tests="1" name="com.lambdatest.TestNGTodoMobile" time="30.855" errors="0" timestamp="10 Jul 2024 17:33:01 GMT" skipped="0">
  <testcase classname="com.lambdatest.TestNGTodoMobile" name="basicTest" time="30.855"/>
</testsuite> <!-- com.lambdatest.TestNGTodoMobile -->
