<?xml version="1.0" encoding="UTF-8"?>
<!-- Generated by org.testng.reporters.JUnitReportReporter -->
<testsuite hostname="LT-LP-062" failures="0" tests="1" name="com.lambdatest.Cvs" time="27.558" errors="1" timestamp="10 Jul 2024 14:59:16 GMT" skipped="0">
  <testcase classname="com.lambdatest.Cvs" name="basicTest" time="27.558">
    <error message="SmartUI server is not running." type="java.lang.IllegalStateException">
      <![CDATA[java.lang.IllegalStateException: SmartUI server is not running.
at io.github.lambdatest.SmartUISnapshot.smartuiSnapshot(SmartUISnapshot.java:36)
at io.github.lambdatest.SmartUISnapshot.smartuiSnapshot(SmartUISnapshot.java:106)
at com.lambdatest.Cvs.basicTest(Cvs.java:61)
at java.base/jdk.internal.reflect.DirectMethodHandleAccessor.invoke(DirectMethodHandleAccessor.java:104)
at java.base/java.lang.reflect.Method.invoke(Method.java:578)
at org.testng.internal.MethodInvocationHelper.invokeMethod(MethodInvocationHelper.java:124)
at org.testng.internal.Invoker.invokeMethod(Invoker.java:583)
at org.testng.internal.Invoker.invokeTestMethod(Invoker.java:719)
at org.testng.internal.Invoker.invokeTestMethods(Invoker.java:989)
at org.testng.internal.TestMethodWorker.invokeTestMethods(TestMethodWorker.java:125)
at org.testng.internal.TestMethodWorker.run(TestMethodWorker.java:109)
at java.base/java.util.concurrent.ThreadPoolExecutor.runWorker(ThreadPoolExecutor.java:1144)
at java.base/java.util.concurrent.ThreadPoolExecutor$Worker.run(ThreadPoolExecutor.java:642)
at java.base/java.lang.Thread.run(Thread.java:1589)
]]>
    </error>
  </testcase> <!-- basicTest -->
</testsuite> <!-- com.lambdatest.Cvs -->
