<?xml version="1.0" encoding="UTF-8"?>
<!-- Generated by org.testng.reporters.JUnitReportReporter -->
<testsuite skipped="0" hostname="ffddb830e5ff" name="com.lambdaTestApp.android.AndroidApp" tests="1" failures="0" timestamp="10 Jun 2024 22:32:40 GMT" time="47.036" errors="0">
  <testcase name="AndroidApp1" time="47.036" classname="com.lambdaTestApp.android.AndroidApp"/>
</testsuite> <!-- com.lambdaTestApp.android.AndroidApp -->
