<?xml version="1.0" encoding="UTF-8"?>
<!-- Generated by org.testng.reporters.JUnitReportReporter -->
<testsuite skipped="0" hostname="3f80a5251f3c" name="com.lambdaTestApp.android.AndroidApp" tests="1" failures="0" timestamp="11 Jun 2024 13:46:43 GMT" time="51.610" errors="0">
  <testcase name="AndroidApp1" time="51.610" classname="com.lambdaTestApp.android.AndroidApp"/>
</testsuite> <!-- com.lambdaTestApp.android.AndroidApp -->
