<?xml version="1.0" encoding="UTF-8"?>
<!-- Generated by org.testng.reporters.JUnitReportReporter -->
<testsuite hostname="LT-LP-062" failures="0" tests="1" name="com.lambdaTestApp.iOS.IOSApp" time="104.763" errors="0" timestamp="10 Jun 2024 19:33:26 GMT" skipped="0">
  <testcase classname="com.lambdaTestApp.iOS.IOSApp" name="iOSApp1" time="104.763"/>
</testsuite> <!-- com.lambdaTestApp.iOS.IOSApp -->
