<?xml version="1.0" encoding="UTF-8"?>
<!-- Generated by org.testng.reporters.JUnitReportReporter -->
<testsuite hostname="LT-LP-062" failures="0" tests="1" name="com.lambdaTestApp.android.AndroidApp" time="1.499" errors="0" timestamp="10 Jun 2024 18:14:45 GMT" skipped="0">
  <testcase classname="com.lambdaTestApp.android.AndroidApp" name="AndroidApp1" time="1.499"/>
</testsuite> <!-- com.lambdaTestApp.android.AndroidApp -->
