<?xml version="1.0" encoding="UTF-8"?>
<!-- Generated by org.testng.reporters.JUnitReportReporter -->
<testsuite skipped="0" hostname="93df0fb6747e" name="com.lambdaTestApp.android.AndroidApp" tests="1" failures="0" timestamp="11 Jun 2024 13:46:45 GMT" time="53.435" errors="0">
  <testcase name="AndroidApp1" time="53.435" classname="com.lambdaTestApp.android.AndroidApp"/>
</testsuite> <!-- com.lambdaTestApp.android.AndroidApp -->
