<?xml version="1.0" encoding="UTF-8"?>
<!-- Generated by org.testng.reporters.JUnitReportReporter -->
<testsuite hostname="LT-LP-062" failures="0" tests="1" name="com.lambdatest.Cvs" time="28.921" errors="0" timestamp="13 Jul 2024 16:44:13 GMT" skipped="0">
  <testcase classname="com.lambdatest.Cvs" name="basicTest" time="28.921"/>
</testsuite> <!-- com.lambdatest.Cvs -->
