<?xml version="1.0" encoding="UTF-8"?>
<!-- Generated by org.testng.reporters.JUnitReportReporter -->
<testsuite hostname="LT-LP-062" failures="0" tests="2" name="com.lambdaTestApp.android.AndroidApp" time="91.526" errors="0" timestamp="25 Jul 2024 15:33:28 GMT" skipped="0">
  <testcase classname="com.lambdaTestApp.android.AndroidApp" name="AndroidApp1" time="41.500"/>
  <testcase classname="com.lambdaTestApp.android.AndroidApp" name="AndroidApp1" time="50.026"/>
</testsuite> <!-- com.lambdaTestApp.android.AndroidApp -->
