<?xml version="1.0" encoding="UTF-8"?>
<!-- Generated by org.testng.reporters.JUnitReportReporter -->
<testsuite hostname="LT-LP-062" failures="0" tests="1" name="com.lambdatest.TestNGTodoMobile" time="58.348" errors="0" timestamp="23 Jul 2024 18:09:19 GMT" skipped="0">
  <testcase classname="com.lambdatest.TestNGTodoMobile" name="basicTest" time="58.348"/>
</testsuite> <!-- com.lambdatest.TestNGTodoMobile -->
