<?xml version="1.0" encoding="UTF-8"?>
<!-- Generated by org.testng.reporters.JUnitReportReporter -->
<testsuite skipped="0" hostname="ce6ba2d5a4cf" name="com.lambdaTestApp.android.AndroidApp" tests="1" failures="0" timestamp="10 Jun 2024 22:32:42 GMT" time="49.879" errors="0">
  <testcase name="AndroidApp1" time="49.879" classname="com.lambdaTestApp.android.AndroidApp"/>
</testsuite> <!-- com.lambdaTestApp.android.AndroidApp -->
